[debug] [2021-12-04T14:57:38.913Z] ----------------------------------------------------------------------
[debug] [2021-12-04T14:57:38.916Z] Command:       C:\Program Files\nodejs\node.exe C:\Users\M.TECH COMPUTER\AppData\Roaming\npm\node_modules\firebase-tools\lib\bin\firebase.js init
[debug] [2021-12-04T14:57:38.917Z] CLI Version:   9.23.0
[debug] [2021-12-04T14:57:38.917Z] Platform:      win32
[debug] [2021-12-04T14:57:38.917Z] Node Version:  v14.17.2
[debug] [2021-12-04T14:57:38.918Z] Time:          Sat Dec 04 2021 19:57:38 GMT+0500 (Pakistan Standard Time)
[debug] [2021-12-04T14:57:38.918Z] ----------------------------------------------------------------------
[debug] 
[debug] [2021-12-04T14:57:38.997Z] > command requires scopes: ["email","openid","https://www.googleapis.com/auth/cloudplatformprojects.readonly","https://www.googleapis.com/auth/firebase","https://www.googleapis.com/auth/cloud-platform"]
[debug] [2021-12-04T14:57:38.998Z] > authorizing via signed-in user (ssameershah1200@gmail.com)
[info] 
     ######## #### ########  ######## ########     ###     ######  ########
     ##        ##  ##     ## ##       ##     ##  ##   ##  ##       ##
     ######    ##  ########  ######   ########  #########  ######  ######
     ##        ##  ##    ##  ##       ##     ## ##     ##       ## ##
     ##       #### ##     ## ######## ########  ##     ##  ######  ########

You're about to initialize a Firebase project in this directory:

  G:\SPL form\my-app

Before we get started, keep in mind:

  * You are initializing within an existing Firebase project directory

[info] 
=== Project Setup
[info] 
[info] First, let's associate this project directory with a Firebase project.
[info] You can create multiple project aliases by running firebase use --add, 
[info] but for now we'll just set up a default project.
[info] 
[info] i  .firebaserc already has a default project, using spl3-4a7b3. 
[debug] [2021-12-04T14:57:46.441Z] >>> [apiv2][query] GET https://firebase.googleapis.com/v1beta1/projects/spl3-4a7b3 [none]
[debug] [2021-12-04T14:57:47.985Z] <<< [apiv2][status] GET https://firebase.googleapis.com/v1beta1/projects/spl3-4a7b3 200
[debug] [2021-12-04T14:57:47.985Z] <<< [apiv2][body] GET https://firebase.googleapis.com/v1beta1/projects/spl3-4a7b3 {"projectId":"spl3-4a7b3","projectNumber":"890884997572","displayName":"SPL3","name":"projects/spl3-4a7b3","resources":{"hostingSite":"spl3-4a7b3","realtimeDatabaseInstance":"spl3-4a7b3-default-rtdb","storageBucket":"spl3-4a7b3.appspot.com","locationId":"us-central"},"state":"ACTIVE"}
[info] 
=== Hosting:github Setup
[info] 
[info] i  Detected a .git folder at G:\SPL form\my-app 
[info] i  Authorizing with GitHub to upload your service account to a GitHub repository's secrets store. 
[info] 
[info] Visit this URL on this device to log in:
[info] https://github.com/login/oauth/authorize?client_id=89cf50f02ac6aaed3484&state=762203092&redirect_uri=http%3A%2F%2Flocalhost%3A9005&scope=read%3Auser%20repo%20public_repo
[info] 
[info] Waiting for authentication...
[debug] [2021-12-04T14:57:51.938Z] >>> HTTP REQUEST POST https://github.com/login/oauth/access_token  
 {"client_id":"89cf50f02ac6aaed3484","client_secret":"3330d14abc895d9a74d5f17cd7a00711fa2c5bf0","code":"47e30838949d4ec78266","redirect_uri":"http://localhost:9005","state":"762203092"}
[debug] [2021-12-04T14:57:53.213Z] <<< HTTP RESPONSE 200 {"server":"GitHub.com","date":"Sat, 04 Dec 2021 14:57:53 GMT","content-type":"application/json; charset=utf-8","transfer-encoding":"chunked","vary":"X-PJAX, X-PJAX-Container, Accept-Encoding, Accept, X-Requested-With","permissions-policy":"interest-cohort=()","etag":"W/\"9ec331691b19e685d34966bb425c48cf\"","cache-control":"max-age=0, private, must-revalidate","strict-transport-security":"max-age=31536000; includeSubdomains; preload","x-frame-options":"deny","x-content-type-options":"nosniff","x-xss-protection":"0","referrer-policy":"origin-when-cross-origin, strict-origin-when-cross-origin","expect-ct":"max-age=2592000, report-uri=\"https://api.github.com/_private/browser/errors\"","content-security-policy":"default-src 'none'; base-uri 'self'; block-all-mixed-content; child-src github.com/assets-cdn/worker/ gist.github.com/assets-cdn/worker/; connect-src 'self' uploads.github.com objects-origin.githubusercontent.com www.githubstatus.com collector.githubapp.com api.github.com github-cloud.s3.amazonaws.com github-production-repository-file-5c1aeb.s3.amazonaws.com github-production-upload-manifest-file-7fdce7.s3.amazonaws.com github-production-user-asset-6210df.s3.amazonaws.com cdn.optimizely.com logx.optimizely.com/v1/events translator.github.com wss://alive.github.com; font-src github.githubassets.com; form-action 'self' github.com gist.github.com objects-origin.githubusercontent.com; frame-ancestors 'none'; frame-src render.githubusercontent.com viewscreen.githubusercontent.com notebooks.githubusercontent.com; img-src 'self' data: github.githubassets.com identicons.github.com collector.githubapp.com github-cloud.s3.amazonaws.com secured-user-images.githubusercontent.com/ *.githubusercontent.com; manifest-src 'self'; media-src github.com user-images.githubusercontent.com/; script-src github.githubassets.com; style-src 'unsafe-inline' github.githubassets.com; worker-src github.com/assets-cdn/worker/ gist.github.com/assets-cdn/worker/","x-github-request-id":"CF33:4D09:2A84B:37D37:61AB81F0"}
[debug] [2021-12-04T14:57:53.235Z] >>> [apiv2][query] GET https://api.github.com/user [none]
[debug] [2021-12-04T14:57:54.856Z] <<< [apiv2][status] GET https://api.github.com/user 200
[debug] [2021-12-04T14:57:54.856Z] <<< [apiv2][body] GET https://api.github.com/user {"login":"sscodez","id":78991984,"node_id":"MDQ6VXNlcjc4OTkxOTg0","avatar_url":"https://avatars.githubusercontent.com/u/78991984?v=4","gravatar_id":"","url":"https://api.github.com/users/sscodez","html_url":"https://github.com/sscodez","followers_url":"https://api.github.com/users/sscodez/followers","following_url":"https://api.github.com/users/sscodez/following{/other_user}","gists_url":"https://api.github.com/users/sscodez/gists{/gist_id}","starred_url":"https://api.github.com/users/sscodez/starred{/owner}{/repo}","subscriptions_url":"https://api.github.com/users/sscodez/subscriptions","organizations_url":"https://api.github.com/users/sscodez/orgs","repos_url":"https://api.github.com/users/sscodez/repos","events_url":"https://api.github.com/users/sscodez/events{/privacy}","received_events_url":"https://api.github.com/users/sscodez/received_events","type":"User","site_admin":false,"name":"Syed Sameer Shah","company":null,"blog":"","location":"Karachi ","email":null,"hireable":true,"bio":null,"twitter_username":null,"public_repos":6,"public_gists":0,"followers":0,"following":1,"created_at":"2021-02-13T02:10:12Z","updated_at":"2021-11-20T08:04:13Z","private_gists":0,"total_private_repos":0,"owned_private_repos":0,"disk_usage":2496,"collaborators":0,"two_factor_authentication":false,"plan":{"name":"free","space":976562499,"collaborators":0,"private_repos":10000}}
[info] 
[info] +  Success! Logged into GitHub as sscodez 
[info] 
